Thu Jun 2 22:18:01 UTC 2022: Current Blockchain Status: Full Node Synced
Thu Jun 2 22:19:01 UTC 2022: Current Blockchain Status: Full Node Synced
Thu Jun 2 22:20:01 UTC 2022: Current Blockchain Status: Full Node Synced
Thu Jun 2 22:21:01 UTC 2022: Current Blockchain Status: Full Node Synced
Thu Jun 2 22:22:01 UTC 2022: Current Blockchain Status: Full Node Synced
Thu Jun 2 22:23:01 UTC 2022: Current Blockchain Status: Full Node Synced
Thu Jun 2 22:24:01 UTC 2022: Current Blockchain Status: Full Node Synced
Thu Jun 2 22:25:01 UTC 2022: Current Blockchain Status: Full Node Synced
Thu Jun 2 22:26:02 UTC 2022: Current Blockchain Status: Full Node Synced
Thu Jun 2 22:28:01 UTC 2022: Current Blockchain Status: Full Node Synced
Thu Jun 2 22:29:01 UTC 2022: Current Blockchain Status: Full Node Synced
Thu Jun 2 22:30:01 UTC 2022: Current Blockchain Status: Full Node Synced
Thu Jun 2 23:00:01 UTC 2022: Current Blockchain Status: Full Node Synced
Fri Jun 3 00:00:01 UTC 2022: Current Blockchain Status: Full Node Synced
Fri Jun 3 01:00:01 UTC 2022: Current Blockchain Status: Full Node Synced
Fri Jun 3 02:00:01 UTC 2022: Current Blockchain Status: Full Node Synced
Fri Jun 3 03:00:01 UTC 2022: Current Blockchain Status: Full Node Synced
Fri Jun 3 04:00:01 UTC 2022: Current Blockchain Status: Full Node Synced
Fri Jun 3 05:00:01 UTC 2022: Current Blockchain Status: Full Node Synced
Fri Jun 3 06:00:01 UTC 2022: Current Blockchain Status: Full Node Synced
Fri Jun 3 07:00:01 UTC 2022: Current Blockchain Status: Full Node Synced
Fri Jun 3 08:00:01 UTC 2022: Current Blockchain Status: Full Node Synced
Fri Jun 3 09:00:01 UTC 2022: Current Blockchain Status: Full Node Synced
Fri Jun 3 10:00:01 UTC 2022: Current Blockchain Status: Full Node Synced
Fri Jun 3 11:00:01 UTC 2022: Current Blockchain Status: Full Node Synced
Fri Jun 3 12:00:01 UTC 2022: Current Blockchain Status: Full Node Synced
Fri Jun 3 13:00:01 UTC 2022: Current Blockchain Status: Full Node Synced
Fri Jun 3 14:00:01 UTC 2022: Current Blockchain Status: Full Node Synced
Fri Jun 3 15:00:01 UTC 2022: Current Blockchain Status: Full Node Synced
Fri Jun 3 16:00:02 UTC 2022: Current Blockchain Status: Full Node Synced
Fri Jun 3 17:00:01 UTC 2022: Current Blockchain Status: Full Node Synced
Fri Jun 3 18:00:01 UTC 2022: Current Blockchain Status: Full Node Synced
Fri Jun 3 19:00:01 UTC 2022: Current Blockchain Status: Full Node Synced
Fri Jun 3 20:00:01 UTC 2022: Current Blockchain Status: Full Node Synced
Fri Jun 3 21:00:01 UTC 2022: Current Blockchain Status: Full Node Synced
Fri Jun 3 22:00:01 UTC 2022: Current Blockchain Status: Full Node Synced
Fri Jun 3 23:00:01 UTC 2022: Current Blockchain Status: Full Node Synced
Sat Jun 4 00:00:01 UTC 2022: Current Blockchain Status: Full Node Synced
Sat Jun 4 01:00:01 UTC 2022: Current Blockchain Status: Full Node Synced
Sat Jun 4 02:00:01 UTC 2022: Current Blockchain Status: Full Node Synced
Sat Jun 4 03:00:01 UTC 2022: Current Blockchain Status: Full Node Synced
Sat Jun 4 04:00:01 UTC 2022: Current Blockchain Status: Full Node Synced
Sat Jun 4 05:00:01 UTC 2022: Current Blockchain Status: Full Node Synced
Sat Jun 4 06:00:01 UTC 2022: Current Blockchain Status: Full Node Synced
Sat Jun 4 07:00:01 UTC 2022: Current Blockchain Status: Full Node Synced
Sat Jun 4 08:00:01 UTC 2022: Current Blockchain Status: Full Node Synced
Sat Jun 4 09:00:01 UTC 2022: Current Blockchain Status: Full Node Synced
Sat Jun 4 10:00:01 UTC 2022: Current Blockchain Status: Full Node Synced
Sat Jun 4 11:00:01 UTC 2022: Current Blockchain Status: Full Node Synced
Sat Jun 4 12:00:01 UTC 2022: Current Blockchain Status: Full Node Synced
Sat Jun 4 13:00:01 UTC 2022: Current Blockchain Status: Full Node Synced
Sat Jun 4 14:00:01 UTC 2022: Current Blockchain Status: Full Node Synced
Sat Jun 4 15:00:01 UTC 2022: Current Blockchain Status: Full Node Synced
Sat Jun 4 16:00:01 UTC 2022: Current Blockchain Status: Full Node Synced
Sat Jun 4 17:00:01 UTC 2022: Current Blockchain Status: Full Node Synced
Sat Jun 4 18:00:01 UTC 2022: Current Blockchain Status: Full Node Synced
Sat Jun 4 19:00:01 UTC 2022: Current Blockchain Status: Full Node Synced
Sat Jun 4 20:00:01 UTC 2022: Current Blockchain Status: Full Node Synced
Sat Jun 4 21:00:01 UTC 2022: Current Blockchain Status: Full Node Synced
Sat Jun 4 22:00:01 UTC 2022: Current Blockchain Status: Full Node Synced
Sat Jun 4 23:00:01 UTC 2022: Current Blockchain Status: Full Node Synced
Sun Jun 5 00:00:01 UTC 2022: Current Blockchain Status: Full Node Synced
Sun Jun 5 01:00:01 UTC 2022: Current Blockchain Status: Full Node Synced
Sun Jun 5 02:00:01 UTC 2022: Current Blockchain Status: Full Node Synced
Sun Jun 5 03:00:01 UTC 2022: Current Blockchain Status: Full Node Synced
Sun Jun 5 04:00:01 UTC 2022: Current Blockchain Status: Full Node Synced
Sun Jun 5 05:00:01 UTC 2022: Current Blockchain Status: Full Node Synced
Sun Jun 5 06:00:01 UTC 2022: Current Blockchain Status: Full Node Synced
Sun Jun 5 07:00:01 UTC 2022: Current Blockchain Status: Full Node Synced
Sun Jun 5 08:00:01 UTC 2022: Current Blockchain Status: Full Node Synced
Sun Jun 5 09:00:01 UTC 2022: Current Blockchain Status: Full Node Synced
Sun Jun 5 10:00:01 UTC 2022: Current Blockchain Status: Full Node Synced
Sun Jun 5 11:00:01 UTC 2022: Current Blockchain Status: Full Node Synced
Sun Jun 5 12:00:01 UTC 2022: Current Blockchain Status: Full Node Synced
Sun Jun 5 13:00:01 UTC 2022: Current Blockchain Status: Full Node Synced
Sun Jun 5 14:00:01 UTC 2022: Current Blockchain Status: Full Node Synced
Sun Jun 5 15:00:01 UTC 2022: Current Blockchain Status: Full Node Synced
Sun Jun 5 16:00:01 UTC 2022: Current Blockchain Status: Full Node Synced
Sun Jun 5 17:00:01 UTC 2022: Current Blockchain Status: Full Node Synced
Sun Jun 5 18:00:01 UTC 2022: Current Blockchain Status: Full Node Synced
Sun Jun 5 19:00:01 UTC 2022: Current Blockchain Status: Full Node Synced
Sun Jun 5 20:00:01 UTC 2022: Current Blockchain Status: Full Node Synced
Sun Jun 5 21:00:01 UTC 2022: Current Blockchain Status: Full Node Synced
Sun Jun 5 22:00:01 UTC 2022: Current Blockchain Status: Full Node Synced
Sun Jun 5 23:00:01 UTC 2022: Current Blockchain Status: Full Node Synced
Mon Jun 6 00:00:01 UTC 2022: Current Blockchain Status: Full Node Synced
Mon Jun 6 01:00:01 UTC 2022: Current Blockchain Status: Full Node Synced
Mon Jun 6 02:00:01 UTC 2022: Current Blockchain Status: Full Node Synced
Mon Jun 6 03:00:01 UTC 2022: Current Blockchain Status: Full Node Synced
Mon Jun 6 04:00:01 UTC 2022: Current Blockchain Status: Full Node Synced
Mon Jun 6 05:00:01 UTC 2022: Current Blockchain Status: Full Node Synced
Mon Jun 6 06:00:01 UTC 2022: Current Blockchain Status: Full Node Synced
Mon Jun 6 07:00:01 UTC 2022: Current Blockchain Status: Full Node Synced
Mon Jun 6 08:00:01 UTC 2022: Current Blockchain Status: Full Node Synced
Mon Jun 6 09:00:01 UTC 2022: Current Blockchain Status: Full Node Synced
Mon Jun 6 10:00:01 UTC 2022: Current Blockchain Status: Full Node Synced
Mon Jun 6 11:00:01 UTC 2022: Current Blockchain Status: Full Node Synced
Mon Jun 6 12:00:01 UTC 2022: Current Blockchain Status: Full Node Synced
Mon Jun 6 13:00:01 UTC 2022: Current Blockchain Status: Full Node Synced
Mon Jun 6 14:00:01 UTC 2022: Current Blockchain Status: Full Node Synced
Mon Jun 6 15:00:01 UTC 2022: Current Blockchain Status: Full Node Synced
Mon Jun 6 16:00:01 UTC 2022: Current Blockchain Status: Full Node Synced
Mon Jun 6 17:00:01 UTC 2022: Current Blockchain Status: Full Node Synced
Mon Jun 6 18:00:01 UTC 2022: Current Blockchain Status: Full Node Synced
Mon Jun 6 19:00:01 UTC 2022: Current Blockchain Status: Full Node Synced
Mon Jun 6 20:00:01 UTC 2022: Current Blockchain Status: Full Node Synced
Mon Jun 6 21:00:01 UTC 2022: Current Blockchain Status: Full Node Synced
Mon Jun 6 22:00:01 UTC 2022: Current Blockchain Status: Full Node Synced
Mon Jun 6 23:00:01 UTC 2022: Current Blockchain Status: Full Node Synced
Tue Jun 7 00:00:01 UTC 2022: Current Blockchain Status: Full Node Synced
Tue Jun 7 01:00:01 UTC 2022: Current Blockchain Status: Full Node Synced
Tue Jun 7 02:00:01 UTC 2022: Current Blockchain Status: Full Node Synced
Tue Jun 7 03:00:01 UTC 2022: Current Blockchain Status: Full Node Synced
Tue Jun 7 04:00:01 UTC 2022: Current Blockchain Status: Full Node Synced
Tue Jun 7 05:00:01 UTC 2022: Current Blockchain Status: Full Node Synced
Tue Jun 7 06:00:01 UTC 2022: Current Blockchain Status: Full Node Synced
Tue Jun 7 07:00:01 UTC 2022: Current Blockchain Status: Full Node Synced
Tue Jun 7 08:00:01 UTC 2022: Current Blockchain Status: Full Node Synced
Tue Jun 7 09:00:01 UTC 2022: Current Blockchain Status: Full Node Synced
Tue Jun 7 10:00:01 UTC 2022: Current Blockchain Status: Full Node Synced
Tue Jun 7 11:00:01 UTC 2022: Current Blockchain Status: Full Node Synced
Tue Jun 7 12:00:01 UTC 2022: Current Blockchain Status: Full Node Synced
Tue Jun 7 13:00:01 UTC 2022: Current Blockchain Status: Full Node Synced
Tue Jun 7 14:00:01 UTC 2022: Current Blockchain Status: Full Node Synced
Tue Jun 7 15:00:01 UTC 2022: Current Blockchain Status: Full Node Synced
Tue Jun 7 16:00:01 UTC 2022: Current Blockchain Status: Full Node Synced
Tue Jun 7 17:00:01 UTC 2022: Current Blockchain Status: Full Node Synced
Tue Jun 7 18:00:01 UTC 2022: Current Blockchain Status: Full Node Synced
Tue Jun 7 19:00:01 UTC 2022: Current Blockchain Status: Full Node Synced
Tue Jun 7 20:00:01 UTC 2022: Current Blockchain Status: Full Node Synced
Tue Jun 7 21:00:01 UTC 2022: Current Blockchain Status: Full Node Synced
Tue Jun 7 22:00:01 UTC 2022: Current Blockchain Status: Full Node Synced
Tue Jun 7 23:00:01 UTC 2022: Current Blockchain Status: Full Node Synced
Wed Jun 8 00:00:01 UTC 2022: Current Blockchain Status: Full Node Synced
Wed Jun 8 01:00:01 UTC 2022: Current Blockchain Status: Full Node Synced
Wed Jun 8 02:00:01 UTC 2022: Current Blockchain Status: Full Node Synced
Wed Jun 8 03:00:01 UTC 2022: Current Blockchain Status: Full Node Synced
Wed Jun 8 04:00:01 UTC 2022: Current Blockchain Status: Full Node Synced
Wed Jun 8 05:00:01 UTC 2022: Current Blockchain Status: Full Node Synced
Wed Jun 8 06:00:01 UTC 2022: Current Blockchain Status: Full Node Synced
Wed Jun 8 07:00:01 UTC 2022: Current Blockchain Status: Full Node Synced
Wed Jun 8 08:00:01 UTC 2022: Current Blockchain Status: Full Node Synced
Wed Jun 8 09:00:01 UTC 2022: Current Blockchain Status: Full Node Synced
Wed Jun 8 10:00:01 UTC 2022: Current Blockchain Status: Full Node Synced
Wed Jun 8 11:00:01 UTC 2022: Current Blockchain Status: Full Node Synced
Wed Jun 8 12:00:01 UTC 2022: Current Blockchain Status: Full Node Synced
Wed Jun 8 13:00:01 UTC 2022: Current Blockchain Status: Full Node Synced
Wed Jun 8 14:00:01 UTC 2022: Current Blockchain Status: Full Node Synced
Wed Jun 8 15:00:01 UTC 2022: Current Blockchain Status: Full Node Synced
Wed Jun 8 16:00:01 UTC 2022: Current Blockchain Status: Full Node Synced
Wed Jun 8 17:00:01 UTC 2022: Current Blockchain Status: Full Node Synced
Wed Jun 8 18:00:01 UTC 2022: Current Blockchain Status: Full Node Synced
Wed Jun 8 19:00:01 UTC 2022: Current Blockchain Status: Full Node Synced
Wed Jun 8 20:00:01 UTC 2022: Current Blockchain Status: Full Node Synced
Wed Jun 8 21:00:01 UTC 2022: Current Blockchain Status: Full Node Synced
Wed Jun 8 22:00:01 UTC 2022: Current Blockchain Status: Full Node Synced
Wed Jun 8 23:00:01 UTC 2022: Current Blockchain Status: Full Node Synced
Thu Jun 9 00:00:01 UTC 2022: Current Blockchain Status: Full Node Synced
Thu Jun 9 01:00:01 UTC 2022: Current Blockchain Status: Full Node Synced
Thu Jun 9 02:00:01 UTC 2022: Current Blockchain Status: Full Node Synced
Thu Jun 9 03:00:01 UTC 2022: Current Blockchain Status: Full Node Synced
